Build started 9/26/2014 9:12:20 PM.
Project "\\vmware-host\shared folders\documents\visual studio 2013\Projects\Lab5_BMR\Lab5_BMR\Lab5_BMR.vcxproj" on node 2 (Build target(s)).
ClCompile:
  C:\Program Files (x86)\Microsoft Visual Studio 12.0\VC\bin\CL.exe /c /ZI /nologo /W3 /WX- /sdl /Od /Oy- /D WIN32 /D _DEBUG /D _CONSOLE /D _LIB /D _UNICODE /D UNICODE /Gm /EHsc /RTC1 /MDd /GS /fp:precise /Zc:wchar_t /Zc:forScope /Fo"Debug\\" /Fd"Debug\vc120.pdb" /Gd /TP /analyze- /errorReport:prompt bmr.cpp
  bmr.cpp
\\vmware-host\shared folders\documents\visual studio 2013\projects\lab5_bmr\lab5_bmr\bmr.cpp(41): error C2784: 'std::basic_istream<_Elem,_Traits> &std::operator >>(std::basic_istream<_Elem,_Traits> &,std::basic_string<_Elem,_Traits,_Alloc> &)' : could not deduce template argument for 'std::basic_istream<_Elem,_Traits> &' from 'std::ostream'
          c:\program files (x86)\microsoft visual studio 12.0\vc\include\string(135) : see declaration of 'std::operator >>'
          c:\program files (x86)\microsoft visual studio 12.0\vc\include\string(135) : see declaration of 'std::operator >>'
          c:\program files (x86)\microsoft visual studio 12.0\vc\include\string(135) : see declaration of 'std::operator >>'
          c:\program files (x86)\microsoft visual studio 12.0\vc\include\string(135) : see declaration of 'std::operator >>'
\\vmware-host\shared folders\documents\visual studio 2013\projects\lab5_bmr\lab5_bmr\bmr.cpp(41): error C2784: 'std::basic_istream<_Elem,_Traits> &std::operator >>(std::basic_istream<_Elem,_Traits> &&,std::basic_string<_Elem,_Traits,_Alloc> &)' : could not deduce template argument for 'std::basic_istream<_Elem,_Traits> &&' from 'std::ostream'
          c:\program files (x86)\microsoft visual studio 12.0\vc\include\string(21) : see declaration of 'std::operator >>'
          c:\program files (x86)\microsoft visual studio 12.0\vc\include\string(21) : see declaration of 'std::operator >>'
          c:\program files (x86)\microsoft visual studio 12.0\vc\include\string(21) : see declaration of 'std::operator >>'
          c:\program files (x86)\microsoft visual studio 12.0\vc\include\string(21) : see declaration of 'std::operator >>'
\\vmware-host\shared folders\documents\visual studio 2013\projects\lab5_bmr\lab5_bmr\bmr.cpp(41): error C2784: 'std::basic_istream<_Elem,_Traits> &std::operator >>(std::basic_istream<_Elem,_Traits> &&,_Ty &)' : could not deduce template argument for 'std::basic_istream<_Elem,_Traits> &&' from 'std::ostream'
          c:\program files (x86)\microsoft visual studio 12.0\vc\include\istream(1103) : see declaration of 'std::operator >>'
          c:\program files (x86)\microsoft visual studio 12.0\vc\include\istream(1103) : see declaration of 'std::operator >>'
          c:\program files (x86)\microsoft visual studio 12.0\vc\include\istream(1103) : see declaration of 'std::operator >>'
          c:\program files (x86)\microsoft visual studio 12.0\vc\include\istream(1103) : see declaration of 'std::operator >>'
\\vmware-host\shared folders\documents\visual studio 2013\projects\lab5_bmr\lab5_bmr\bmr.cpp(41): error C2784: 'std::basic_istream<char,_Traits> &std::operator >>(std::basic_istream<char,_Traits> &,unsigned char &)' : could not deduce template argument for 'std::basic_istream<char,_Traits> &' from 'std::ostream'
          c:\program files (x86)\microsoft visual studio 12.0\vc\include\istream(1093) : see declaration of 'std::operator >>'
          c:\program files (x86)\microsoft visual studio 12.0\vc\include\istream(1093) : see declaration of 'std::operator >>'
          c:\program files (x86)\microsoft visual studio 12.0\vc\include\istream(1093) : see declaration of 'std::operator >>'
          c:\program files (x86)\microsoft visual studio 12.0\vc\include\istream(1093) : see declaration of 'std::operator >>'
\\vmware-host\shared folders\documents\visual studio 2013\projects\lab5_bmr\lab5_bmr\bmr.cpp(41): error C2784: 'std::basic_istream<char,_Traits> &std::operator >>(std::basic_istream<char,_Traits> &,unsigned char *)' : could not deduce template argument for 'std::basic_istream<char,_Traits> &' from 'std::ostream'
          c:\program files (x86)\microsoft visual studio 12.0\vc\include\istream(1086) : see declaration of 'std::operator >>'
          c:\program files (x86)\microsoft visual studio 12.0\vc\include\istream(1086) : see declaration of 'std::operator >>'
          c:\program files (x86)\microsoft visual studio 12.0\vc\include\istream(1086) : see declaration of 'std::operator >>'
          c:\program files (x86)\microsoft visual studio 12.0\vc\include\istream(1086) : see declaration of 'std::operator >>'
\\vmware-host\shared folders\documents\visual studio 2013\projects\lab5_bmr\lab5_bmr\bmr.cpp(41): error C2784: 'std::basic_istream<char,_Traits> &std::operator >>(std::basic_istream<char,_Traits> &,signed char &)' : could not deduce template argument for 'std::basic_istream<char,_Traits> &' from 'std::ostream'
          c:\program files (x86)\microsoft visual studio 12.0\vc\include\istream(1079) : see declaration of 'std::operator >>'
          c:\program files (x86)\microsoft visual studio 12.0\vc\include\istream(1079) : see declaration of 'std::operator >>'
          c:\program files (x86)\microsoft visual studio 12.0\vc\include\istream(1079) : see declaration of 'std::operator >>'
          c:\program files (x86)\microsoft visual studio 12.0\vc\include\istream(1079) : see declaration of 'std::operator >>'
\\vmware-host\shared folders\documents\visual studio 2013\projects\lab5_bmr\lab5_bmr\bmr.cpp(41): error C2784: 'std::basic_istream<char,_Traits> &std::operator >>(std::basic_istream<char,_Traits> &,signed char *)' : could not deduce template argument for 'std::basic_istream<char,_Traits> &' from 'std::ostream'
          c:\program files (x86)\microsoft visual studio 12.0\vc\include\istream(1072) : see declaration of 'std::operator >>'
          c:\program files (x86)\microsoft visual studio 12.0\vc\include\istream(1072) : see declaration of 'std::operator >>'
          c:\program files (x86)\microsoft visual studio 12.0\vc\include\istream(1072) : see declaration of 'std::operator >>'
          c:\program files (x86)\microsoft visual studio 12.0\vc\include\istream(1072) : see declaration of 'std::operator >>'
\\vmware-host\shared folders\documents\visual studio 2013\projects\lab5_bmr\lab5_bmr\bmr.cpp(41): error C2784: 'std::basic_istream<_Elem,_Traits> &std::operator >>(std::basic_istream<_Elem,_Traits> &,_Elem &)' : could not deduce template argument for 'std::basic_istream<_Elem,_Traits> &' from 'std::ostream'
          c:\program files (x86)\microsoft visual studio 12.0\vc\include\istream(1047) : see declaration of 'std::operator >>'
          c:\program files (x86)\microsoft visual studio 12.0\vc\include\istream(1047) : see declaration of 'std::operator >>'
          c:\program files (x86)\microsoft visual studio 12.0\vc\include\istream(1047) : see declaration of 'std::operator >>'
          c:\program files (x86)\microsoft visual studio 12.0\vc\include\istream(1047) : see declaration of 'std::operator >>'
\\vmware-host\shared folders\documents\visual studio 2013\projects\lab5_bmr\lab5_bmr\bmr.cpp(41): error C2784: 'std::basic_istream<_Elem,_Traits> &std::operator >>(std::basic_istream<_Elem,_Traits> &,_Elem *)' : could not deduce template argument for 'std::basic_istream<_Elem,_Traits> &' from 'std::ostream'
          c:\program files (x86)\microsoft visual studio 12.0\vc\include\istream(1006) : see declaration of 'std::operator >>'
          c:\program files (x86)\microsoft visual studio 12.0\vc\include\istream(1006) : see declaration of 'std::operator >>'
          c:\program files (x86)\microsoft visual studio 12.0\vc\include\istream(1006) : see declaration of 'std::operator >>'
          c:\program files (x86)\microsoft visual studio 12.0\vc\include\istream(1006) : see declaration of 'std::operator >>'
\\vmware-host\shared folders\documents\visual studio 2013\projects\lab5_bmr\lab5_bmr\bmr.cpp(41): error C2676: binary '>>' : 'std::ostream' does not define this operator or a conversion to a type acceptable to the predefined operator
\\vmware-host\shared folders\documents\visual studio 2013\projects\lab5_bmr\lab5_bmr\bmr.cpp(41): error C2143: syntax error : missing ';' before 'return'
Done Building Project "\\vmware-host\shared folders\documents\visual studio 2013\Projects\Lab5_BMR\Lab5_BMR\Lab5_BMR.vcxproj" (Build target(s)) -- FAILED.

Build FAILED.

Time Elapsed 00:00:01.25
